<?xml version="1.0" encoding="UTF-8"?>
<testsuite xmlns:xsi="http://www.w3.org/2001/XMLSchema-instance" xsi:noNamespaceSchemaLocation="https://maven.apache.org/surefire/maven-surefire-plugin/xsd/surefire-test-report-3.0.xsd" version="3.0" name="com.etl.engine.SqlExecutionEngineTest" time="0.24" tests="9" errors="0" skipped="0" failures="0">
  <properties>
[...]
</properties>
  <testcase name="testConnection" classname="com.etl.engine.SqlExecutionEngineTest" time="0.172">
    <system-out><![CDATA[22:58:03.650 [main] INFO org.springframework.jdbc.datasource.embedded.EmbeddedDatabaseFactory -- Starting embedded database: url='jdbc:h2:mem:testdb;DB_CLOSE_DELAY=-1;DB_CLOSE_ON_EXIT=false', username='sa'
]]></system-out>
  </testcase>
  <testcase name="testDropBlocked" classname="com.etl.engine.SqlExecutionEngineTest" time="0.005">
    <system-out><![CDATA[22:58:03.823 [main] INFO org.springframework.jdbc.datasource.embedded.EmbeddedDatabaseFactory -- Starting embedded database: url='jdbc:h2:mem:testdb;DB_CLOSE_DELAY=-1;DB_CLOSE_ON_EXIT=false', username='sa'
22:58:03.825 [main] WARN com.etl.engine.engine.SqlExecutionEngine -- SQL验证失败: 只允许SELECT查询语句
]]></system-out>
  </testcase>
  <testcase name="testNonSelectBlocked" classname="com.etl.engine.SqlExecutionEngineTest" time="0.004">
    <system-out><![CDATA[22:58:03.829 [main] INFO org.springframework.jdbc.datasource.embedded.EmbeddedDatabaseFactory -- Starting embedded database: url='jdbc:h2:mem:testdb;DB_CLOSE_DELAY=-1;DB_CLOSE_ON_EXIT=false', username='sa'
22:58:03.831 [main] WARN com.etl.engine.engine.SqlExecutionEngine -- SQL验证失败: 只允许SELECT查询语句
]]></system-out>
  </testcase>
  <testcase name="testUpdateBlocked" classname="com.etl.engine.SqlExecutionEngineTest" time="0.004">
    <system-out><![CDATA[22:58:03.833 [main] INFO org.springframework.jdbc.datasource.embedded.EmbeddedDatabaseFactory -- Starting embedded database: url='jdbc:h2:mem:testdb;DB_CLOSE_DELAY=-1;DB_CLOSE_ON_EXIT=false', username='sa'
22:58:03.835 [main] WARN com.etl.engine.engine.SqlExecutionEngine -- SQL验证失败: 只允许SELECT查询语句
]]></system-out>
  </testcase>
  <testcase name="testSqlInjectionBlocked" classname="com.etl.engine.SqlExecutionEngineTest" time="0.006">
    <system-out><![CDATA[22:58:03.841 [main] INFO org.springframework.jdbc.datasource.embedded.EmbeddedDatabaseFactory -- Starting embedded database: url='jdbc:h2:mem:testdb;DB_CLOSE_DELAY=-1;DB_CLOSE_ON_EXIT=false', username='sa'
22:58:03.845 [main] WARN com.etl.engine.engine.SqlExecutionEngine -- SQL验证失败: 可能包含SQL注入攻击
]]></system-out>
  </testcase>
  <testcase name="testInsertBlocked" classname="com.etl.engine.SqlExecutionEngineTest" time="0.005">
    <system-out><![CDATA[22:58:03.847 [main] INFO org.springframework.jdbc.datasource.embedded.EmbeddedDatabaseFactory -- Starting embedded database: url='jdbc:h2:mem:testdb;DB_CLOSE_DELAY=-1;DB_CLOSE_ON_EXIT=false', username='sa'
22:58:03.848 [main] WARN com.etl.engine.engine.SqlExecutionEngine -- SQL验证失败: 只允许SELECT查询语句
]]></system-out>
  </testcase>
  <testcase name="testValidSelectQuery" classname="com.etl.engine.SqlExecutionEngineTest" time="0.024">
    <system-out><![CDATA[22:58:03.856 [main] INFO org.springframework.jdbc.datasource.embedded.EmbeddedDatabaseFactory -- Starting embedded database: url='jdbc:h2:mem:testdb;DB_CLOSE_DELAY=-1;DB_CLOSE_ON_EXIT=false', username='sa'
22:58:03.859 [main] INFO com.etl.engine.engine.SqlExecutionEngine -- 执行SQL查询: SELECT 1 AS test_value
22:58:03.878 [main] INFO com.etl.engine.engine.SqlExecutionEngine -- SQL查询完成, 返回 1 行数据
]]></system-out>
  </testcase>
  <testcase name="testDeleteBlocked" classname="com.etl.engine.SqlExecutionEngineTest" time="0.003">
    <system-out><![CDATA[22:58:03.880 [main] INFO org.springframework.jdbc.datasource.embedded.EmbeddedDatabaseFactory -- Starting embedded database: url='jdbc:h2:mem:testdb;DB_CLOSE_DELAY=-1;DB_CLOSE_ON_EXIT=false', username='sa'
22:58:03.882 [main] WARN com.etl.engine.engine.SqlExecutionEngine -- SQL验证失败: 只允许SELECT查询语句
]]></system-out>
  </testcase>
  <testcase name="testEmptySql" classname="com.etl.engine.SqlExecutionEngineTest" time="0.002">
    <system-out><![CDATA[22:58:03.884 [main] INFO org.springframework.jdbc.datasource.embedded.EmbeddedDatabaseFactory -- Starting embedded database: url='jdbc:h2:mem:testdb;DB_CLOSE_DELAY=-1;DB_CLOSE_ON_EXIT=false', username='sa'
]]></system-out>
  </testcase>
</testsuite>